# JRE version: OpenJDK Runtime Environment (21.0.10) (build 21.0.10+-14961533-b1163.108)
# Java VM: OpenJDK 64-Bit Server VM (21.0.10+-14961533-b1163.108, mixed mode, tiered, compressed oops, compressed class ptrs, g1 gc, windows-amd64)
GC Precious Log:
 CardTable entry size: 512
 Card Set container configuration: InlinePtr #cards 4 size 8 Array Of Cards #cards 16 size 48 Howl #buckets 8 coarsen threshold 3686 Howl Bitmap #cards 512 size 80 coarsen threshold 460 Card regions per heap region 1 cards per card region 4096
 CPUs: 14 total, 14 available
 Memory: 15836M
 Large Page Support: Disabled
 NUMA Support: Disabled
 Compressed Oops: Enabled (Zero based)
 Heap Region Size: 2M
 Heap Min Capacity: 8M
 Heap Initial Capacity: 248M
 Heap Max Capacity: 3960M
 Pre-touch: Disabled
 Parallel Workers: 11
 Concurrent Workers: 3
 Concurrent Refinement Workers: 11
 Periodic GC: Disabled
Heap:
 garbage-first heap   total 63488K, used 35708K [0x0000000708800000, 0x0000000800000000)
  region size 2048K, 12 young (24576K), 1 survivors (2048K)
 Metaspace       used 27012K, committed 27264K, reserved 1114112K
  class space    used 3136K, committed 3264K, reserved 1048576K
GC Heap History (18 events):
Event: 2.254 GC heap before
{Heap before GC invocations=0 (full 0):
 garbage-first heap   total 253952K, used 20480K [0x0000000708800000, 0x0000000800000000)
  region size 2048K, 11 young (22528K), 0 survivors (0K)
 Metaspace       used 16874K, committed 17024K, reserved 1114112K
  class space    used 1777K, committed 1856K, reserved 1048576K
}
Event: 2.262 GC heap after
{Heap after GC invocations=1 (full 0):
 garbage-first heap   total 253952K, used 3765K [0x0000000708800000, 0x0000000800000000)
  region size 2048K, 2 young (4096K), 2 survivors (4096K)
 Metaspace       used 16874K, committed 17024K, reserved 1114112K
  class space    used 1777K, committed 1856K, reserved 1048576K
}
Event: 8.879 GC heap before
{Heap before GC invocations=1 (full 0):
 garbage-first heap   total 253952K, used 44725K [0x0000000708800000, 0x0000000800000000)
  region size 2048K, 20 young (40960K), 2 survivors (4096K)
 Metaspace       used 17264K, committed 17408K, reserved 1114112K
  class space    used 1786K, committed 1856K, reserved 1048576K
}
Event: 8.885 GC heap after
{Heap after GC invocations=2 (full 0):
 garbage-first heap   total 253952K, used 8771K [0x0000000708800000, 0x0000000800000000)
  region size 2048K, 1 young (2048K), 1 survivors (2048K)
 Metaspace       used 17264K, committed 17408K, reserved 1114112K
  class space    used 1786K, committed 1856K, reserved 1048576K
}
Event: 24.542 GC heap before
{Heap before GC invocations=2 (full 0):
 garbage-first heap   total 253952K, used 158275K [0x0000000708800000, 0x0000000800000000)
  region size 2048K, 74 young (151552K), 1 survivors (2048K)
 Metaspace       used 17296K, committed 17472K, reserved 1114112K
  class space    used 1788K, committed 1856K, reserved 1048576K
}
Event: 24.545 GC heap after
{Heap after GC invocations=3 (full 0):
 garbage-first heap   total 253952K, used 10327K [0x0000000708800000, 0x0000000800000000)
  region size 2048K, 2 young (4096K), 2 survivors (4096K)
 Metaspace       used 17296K, committed 17472K, reserved 1114112K
  class space    used 1788K, committed 1856K, reserved 1048576K
}
Event: 34.013 GC heap before
{Heap before GC invocations=3 (full 0):
 garbage-first heap   total 253952K, used 157783K [0x0000000708800000, 0x0000000800000000)
  region size 2048K, 74 young (151552K), 2 survivors (4096K)
 Metaspace       used 17310K, committed 17472K, reserved 1114112K
  class space    used 1788K, committed 1856K, reserved 1048576K
}
Event: 34.015 GC heap after
{Heap after GC invocations=4 (full 0):
 garbage-first heap   total 253952K, used 9623K [0x0000000708800000, 0x0000000800000000)
  region size 2048K, 1 young (2048K), 1 survivors (2048K)
 Metaspace       used 17310K, committed 17472K, reserved 1114112K
  class space    used 1788K, committed 1856K, reserved 1048576K
}
Event: 44.710 GC heap before
{Heap before GC invocations=4 (full 0):
 garbage-first heap   total 253952K, used 159127K [0x0000000708800000, 0x0000000800000000)
  region size 2048K, 74 young (151552K), 1 survivors (2048K)
 Metaspace       used 17310K, committed 17472K, reserved 1114112K
  class space    used 1788K, committed 1856K, reserved 1048576K
}
Event: 44.712 GC heap after
{Heap after GC invocations=5 (full 0):
 garbage-first heap   total 253952K, used 9647K [0x0000000708800000, 0x0000000800000000)
  region size 2048K, 1 young (2048K), 1 survivors (2048K)
 Metaspace       used 17310K, committed 17472K, reserved 1114112K
  class space    used 1788K, committed 1856K, reserved 1048576K
}
Event: 49.170 GC heap before
{Heap before GC invocations=5 (full 0):
 garbage-first heap   total 253952K, used 114095K [0x0000000708800000, 0x0000000800000000)
  region size 2048K, 51 young (104448K), 1 survivors (2048K)
 Metaspace       used 21340K, committed 21504K, reserved 1114112K
  class space    used 2383K, committed 2496K, reserved 1048576K
}
Event: 49.173 GC heap after
{Heap after GC invocations=6 (full 0):
 garbage-first heap   total 253952K, used 14389K [0x0000000708800000, 0x0000000800000000)
  region size 2048K, 4 young (8192K), 4 survivors (8192K)
 Metaspace       used 21340K, committed 21504K, reserved 1114112K
  class space    used 2383K, committed 2496K, reserved 1048576K
}
Event: 49.603 GC heap before
{Heap before GC invocations=7 (full 0):
 garbage-first heap   total 55296K, used 53301K [0x0000000708800000, 0x0000000800000000)
  region size 2048K, 23 young (47104K), 4 survivors (8192K)
 Metaspace       used 24434K, committed 24704K, reserved 1114112K
  class space    used 2881K, committed 3008K, reserved 1048576K
}
Event: 49.606 GC heap after
{Heap after GC invocations=8 (full 0):
 garbage-first heap   total 63488K, used 14982K [0x0000000708800000, 0x0000000800000000)
  region size 2048K, 4 young (8192K), 4 survivors (8192K)
 Metaspace       used 24434K, committed 24704K, reserved 1114112K
  class space    used 2881K, committed 3008K, reserved 1048576K
}
Event: 130.006 GC heap before
{Heap before GC invocations=8 (full 0):
 garbage-first heap   total 63488K, used 43654K [0x0000000708800000, 0x0000000800000000)
  region size 2048K, 18 young (36864K), 4 survivors (8192K)
 Metaspace       used 26353K, committed 26688K, reserved 1114112K
  class space    used 3062K, committed 3264K, reserved 1048576K
}
Event: 130.010 GC heap after
{Heap after GC invocations=9 (full 0):
 garbage-first heap   total 63488K, used 15634K [0x0000000708800000, 0x0000000800000000)
  region size 2048K, 1 young (2048K), 1 survivors (2048K)
 Metaspace       used 26353K, committed 26688K, reserved 1114112K
  class space    used 3062K, committed 3264K, reserved 1048576K
}
Event: 438.600 GC heap before
{Heap before GC invocations=9 (full 0):
 garbage-first heap   total 63488K, used 50450K [0x0000000708800000, 0x0000000800000000)
  region size 2048K, 18 young (36864K), 1 survivors (2048K)
 Metaspace       used 26383K, committed 26688K, reserved 1114112K
  class space    used 3064K, committed 3264K, reserved 1048576K
}
Event: 438.602 GC heap after
{Heap after GC invocations=10 (full 0):
 garbage-first heap   total 63488K, used 15228K [0x0000000708800000, 0x0000000800000000)
  region size 2048K, 1 young (2048K), 1 survivors (2048K)
 Metaspace       used 26383K, committed 26688K, reserved 1114112K
  class space    used 3064K, committed 3264K, reserved 1048576K
}

